Analysis & Synthesis report for relogio_digital
Wed Apr  6 17:15:17 2022
Quartus Prime Version 20.1.1 Build 720 11/11/2020 SJ Lite Edition


---------------------
; Table of Contents ;
---------------------
  1. Legal Notice
  2. Analysis & Synthesis Summary
  3. Analysis & Synthesis Settings
  4. Parallel Compilation
  5. Analysis & Synthesis Source Files Read
  6. Analysis & Synthesis Resource Usage Summary
  7. Analysis & Synthesis Resource Utilization by Entity
  8. Registers Removed During Synthesis
  9. General Register Statistics
 10. Multiplexer Restructuring Statistics (Restructuring Performed)
 11. Port Connectivity Checks: "bcd_7seg:HORAS_MSD"
 12. Port Connectivity Checks: "bcd_7seg:MINUTOS_MSD"
 13. Port Connectivity Checks: "bcd_7seg:SEGUNDOS_MSD"
 14. Post-Synthesis Netlist Statistics for Top Partition
 15. Elapsed Time Per Partition
 16. Analysis & Synthesis Messages



----------------
; Legal Notice ;
----------------
Copyright (C) 2020  Intel Corporation. All rights reserved.
Your use of Intel Corporation's design tools, logic functions 
and other software and tools, and any partner logic 
functions, and any output files from any of the foregoing 
(including device programming or simulation files), and any 
associated documentation or information are expressly subject 
to the terms and conditions of the Intel Program License 
Subscription Agreement, the Intel Quartus Prime License Agreement,
the Intel FPGA IP License Agreement, or other applicable license
agreement, including, without limitation, that your use is for
the sole purpose of programming logic devices manufactured by
Intel and sold by Intel or its authorized distributors.  Please
refer to the applicable agreement for further details, at
https://fpgasoftware.intel.com/eula.



+-------------------------------------------------------------------------------+
; Analysis & Synthesis Summary                                                  ;
+---------------------------------+---------------------------------------------+
; Analysis & Synthesis Status     ; Successful - Wed Apr  6 17:15:17 2022       ;
; Quartus Prime Version           ; 20.1.1 Build 720 11/11/2020 SJ Lite Edition ;
; Revision Name                   ; relogio_digital                             ;
; Top-level Entity Name           ; relogio_digital                             ;
; Family                          ; Cyclone V                                   ;
; Logic utilization (in ALMs)     ; N/A                                         ;
; Total registers                 ; 23                                          ;
; Total pins                      ; 64                                          ;
; Total virtual pins              ; 0                                           ;
; Total block memory bits         ; 0                                           ;
; Total DSP Blocks                ; 0                                           ;
; Total HSSI RX PCSs              ; 0                                           ;
; Total HSSI PMA RX Deserializers ; 0                                           ;
; Total HSSI TX PCSs              ; 0                                           ;
; Total HSSI PMA TX Serializers   ; 0                                           ;
; Total PLLs                      ; 0                                           ;
; Total DLLs                      ; 0                                           ;
+---------------------------------+---------------------------------------------+


+---------------------------------------------------------------------------------------------------------------------------+
; Analysis & Synthesis Settings                                                                                             ;
+---------------------------------------------------------------------------------+--------------------+--------------------+
; Option                                                                          ; Setting            ; Default Value      ;
+---------------------------------------------------------------------------------+--------------------+--------------------+
; Device                                                                          ; 5CGXFC7C7F23C8     ;                    ;
; Top-level entity name                                                           ; relogio_digital    ; relogio_digital    ;
; Family name                                                                     ; Cyclone V          ; Cyclone V          ;
; Use smart compilation                                                           ; Off                ; Off                ;
; Enable parallel Assembler and Timing Analyzer during compilation                ; On                 ; On                 ;
; Enable compact report table                                                     ; Off                ; Off                ;
; Restructure Multiplexers                                                        ; Auto               ; Auto               ;
; MLAB Add Timing Constraints For Mixed-Port Feed-Through Mode Setting Don't Care ; Off                ; Off                ;
; Create Debugging Nodes for IP Cores                                             ; Off                ; Off                ;
; Preserve fewer node names                                                       ; On                 ; On                 ;
; Intel FPGA IP Evaluation Mode                                                   ; Enable             ; Enable             ;
; Verilog Version                                                                 ; Verilog_2001       ; Verilog_2001       ;
; VHDL Version                                                                    ; VHDL_1993          ; VHDL_1993          ;
; State Machine Processing                                                        ; Auto               ; Auto               ;
; Safe State Machine                                                              ; Off                ; Off                ;
; Extract Verilog State Machines                                                  ; On                 ; On                 ;
; Extract VHDL State Machines                                                     ; On                 ; On                 ;
; Ignore Verilog initial constructs                                               ; Off                ; Off                ;
; Iteration limit for constant Verilog loops                                      ; 5000               ; 5000               ;
; Iteration limit for non-constant Verilog loops                                  ; 250                ; 250                ;
; Add Pass-Through Logic to Inferred RAMs                                         ; On                 ; On                 ;
; Infer RAMs from Raw Logic                                                       ; On                 ; On                 ;
; Parallel Synthesis                                                              ; On                 ; On                 ;
; DSP Block Balancing                                                             ; Auto               ; Auto               ;
; NOT Gate Push-Back                                                              ; On                 ; On                 ;
; Power-Up Don't Care                                                             ; On                 ; On                 ;
; Remove Redundant Logic Cells                                                    ; Off                ; Off                ;
; Remove Duplicate Registers                                                      ; On                 ; On                 ;
; Ignore CARRY Buffers                                                            ; Off                ; Off                ;
; Ignore CASCADE Buffers                                                          ; Off                ; Off                ;
; Ignore GLOBAL Buffers                                                           ; Off                ; Off                ;
; Ignore ROW GLOBAL Buffers                                                       ; Off                ; Off                ;
; Ignore LCELL Buffers                                                            ; Off                ; Off                ;
; Ignore SOFT Buffers                                                             ; On                 ; On                 ;
; Limit AHDL Integers to 32 Bits                                                  ; Off                ; Off                ;
; Optimization Technique                                                          ; Balanced           ; Balanced           ;
; Carry Chain Length                                                              ; 70                 ; 70                 ;
; Auto Carry Chains                                                               ; On                 ; On                 ;
; Auto Open-Drain Pins                                                            ; On                 ; On                 ;
; Perform WYSIWYG Primitive Resynthesis                                           ; Off                ; Off                ;
; Auto ROM Replacement                                                            ; On                 ; On                 ;
; Auto RAM Replacement                                                            ; On                 ; On                 ;
; Auto DSP Block Replacement                                                      ; On                 ; On                 ;
; Auto Shift Register Replacement                                                 ; Auto               ; Auto               ;
; Allow Shift Register Merging across Hierarchies                                 ; Auto               ; Auto               ;
; Auto Clock Enable Replacement                                                   ; On                 ; On                 ;
; Strict RAM Replacement                                                          ; Off                ; Off                ;
; Allow Synchronous Control Signals                                               ; On                 ; On                 ;
; Force Use of Synchronous Clear Signals                                          ; Off                ; Off                ;
; Auto Resource Sharing                                                           ; Off                ; Off                ;
; Allow Any RAM Size For Recognition                                              ; Off                ; Off                ;
; Allow Any ROM Size For Recognition                                              ; Off                ; Off                ;
; Allow Any Shift Register Size For Recognition                                   ; Off                ; Off                ;
; Use LogicLock Constraints during Resource Balancing                             ; On                 ; On                 ;
; Ignore translate_off and synthesis_off directives                               ; Off                ; Off                ;
; Timing-Driven Synthesis                                                         ; On                 ; On                 ;
; Report Parameter Settings                                                       ; On                 ; On                 ;
; Report Source Assignments                                                       ; On                 ; On                 ;
; Report Connectivity Checks                                                      ; On                 ; On                 ;
; Ignore Maximum Fan-Out Assignments                                              ; Off                ; Off                ;
; Synchronization Register Chain Length                                           ; 3                  ; 3                  ;
; Power Optimization During Synthesis                                             ; Normal compilation ; Normal compilation ;
; HDL message level                                                               ; Level2             ; Level2             ;
; Suppress Register Optimization Related Messages                                 ; Off                ; Off                ;
; Number of Removed Registers Reported in Synthesis Report                        ; 5000               ; 5000               ;
; Number of Swept Nodes Reported in Synthesis Report                              ; 5000               ; 5000               ;
; Number of Inverted Registers Reported in Synthesis Report                       ; 100                ; 100                ;
; Clock MUX Protection                                                            ; On                 ; On                 ;
; Auto Gated Clock Conversion                                                     ; Off                ; Off                ;
; Block Design Naming                                                             ; Auto               ; Auto               ;
; SDC constraint protection                                                       ; Off                ; Off                ;
; Synthesis Effort                                                                ; Auto               ; Auto               ;
; Shift Register Replacement - Allow Asynchronous Clear Signal                    ; On                 ; On                 ;
; Pre-Mapping Resynthesis Optimization                                            ; Off                ; Off                ;
; Analysis & Synthesis Message Level                                              ; Medium             ; Medium             ;
; Disable Register Merging Across Hierarchies                                     ; Auto               ; Auto               ;
; Resource Aware Inference For Block RAM                                          ; On                 ; On                 ;
; Automatic Parallel Synthesis                                                    ; On                 ; On                 ;
; Partial Reconfiguration Bitstream ID                                            ; Off                ; Off                ;
+---------------------------------------------------------------------------------+--------------------+--------------------+


+------------------------------------------+
; Parallel Compilation                     ;
+----------------------------+-------------+
; Processors                 ; Number      ;
+----------------------------+-------------+
; Number detected on machine ; 4           ;
; Maximum allowed            ; 4           ;
;                            ;             ;
; Average used               ; 1.00        ;
; Maximum used               ; 4           ;
;                            ;             ;
; Usage by Processor         ; % Time Used ;
;     Processor 1            ; 100.0%      ;
;     Processors 2-4         ;   0.0%      ;
+----------------------------+-------------+


+------------------------------------------------------------------------------------------------------------------------------------------------------------------+
; Analysis & Synthesis Source Files Read                                                                                                                           ;
+----------------------------------+-----------------+------------------------------+--------------------------------------------------------------------+---------+
; File Name with User-Entered Path ; Used in Netlist ; File Type                    ; File Name with Absolute Path                                       ; Library ;
+----------------------------------+-----------------+------------------------------+--------------------------------------------------------------------+---------+
; relogio_digital.sv               ; yes             ; User SystemVerilog HDL File  ; /home/henrique/Projetos_quartus/relogio_digital/relogio_digital.sv ;         ;
; enable_1hz.sv                    ; yes             ; User SystemVerilog HDL File  ; /home/henrique/Projetos_quartus/relogio_digital/enable_1hz.sv      ;         ;
; bcd_7seg.sv                      ; yes             ; User SystemVerilog HDL File  ; /home/henrique/Projetos_quartus/relogio_digital/bcd_7seg.sv        ;         ;
; maq_s.sv                         ; yes             ; User SystemVerilog HDL File  ; /home/henrique/Projetos_quartus/relogio_digital/maq_s.sv           ;         ;
; maq_m.sv                         ; yes             ; User SystemVerilog HDL File  ; /home/henrique/Projetos_quartus/relogio_digital/maq_m.sv           ;         ;
; maq_h.sv                         ; yes             ; User SystemVerilog HDL File  ; /home/henrique/Projetos_quartus/relogio_digital/maq_h.sv           ;         ;
+----------------------------------+-----------------+------------------------------+--------------------------------------------------------------------+---------+


+-----------------------------------------------------------+
; Analysis & Synthesis Resource Usage Summary               ;
+---------------------------------------------+-------------+
; Resource                                    ; Usage       ;
+---------------------------------------------+-------------+
; Estimate of Logic utilization (ALMs needed) ; 37          ;
;                                             ;             ;
; Combinational ALUT usage for logic          ; 69          ;
;     -- 7 input functions                    ; 0           ;
;     -- 6 input functions                    ; 5           ;
;     -- 5 input functions                    ; 7           ;
;     -- 4 input functions                    ; 30          ;
;     -- <=3 input functions                  ; 27          ;
;                                             ;             ;
; Dedicated logic registers                   ; 23          ;
;                                             ;             ;
; I/O pins                                    ; 64          ;
;                                             ;             ;
; Total DSP Blocks                            ; 0           ;
;                                             ;             ;
; Maximum fan-out node                        ; reset~input ;
; Maximum fan-out                             ; 27          ;
; Total fan-out                               ; 450         ;
; Average fan-out                             ; 2.05        ;
+---------------------------------------------+-------------+


+-----------------------------------------------------------------------------------------------------------------------------------------------------------------------------------------------------------------------+
; Analysis & Synthesis Resource Utilization by Entity                                                                                                                                                                   ;
+--------------------------------+---------------------+---------------------------+-------------------+------------+------+--------------+--------------------------------------------+-----------------+--------------+
; Compilation Hierarchy Node     ; Combinational ALUTs ; Dedicated Logic Registers ; Block Memory Bits ; DSP Blocks ; Pins ; Virtual Pins ; Full Hierarchy Name                        ; Entity Name     ; Library Name ;
+--------------------------------+---------------------+---------------------------+-------------------+------------+------+--------------+--------------------------------------------+-----------------+--------------+
; |relogio_digital               ; 69 (0)              ; 23 (0)                    ; 0                 ; 0          ; 64   ; 0            ; |relogio_digital                           ; relogio_digital ; work         ;
;    |bcd_7seg:HORAS_LSD|        ; 7 (7)               ; 0 (0)                     ; 0                 ; 0          ; 0    ; 0            ; |relogio_digital|bcd_7seg:HORAS_LSD        ; bcd_7seg        ; work         ;
;    |bcd_7seg:HORAS_MSD|        ; 3 (3)               ; 0 (0)                     ; 0                 ; 0          ; 0    ; 0            ; |relogio_digital|bcd_7seg:HORAS_MSD        ; bcd_7seg        ; work         ;
;    |bcd_7seg:MINUTOS_LSD|      ; 7 (7)               ; 0 (0)                     ; 0                 ; 0          ; 0    ; 0            ; |relogio_digital|bcd_7seg:MINUTOS_LSD      ; bcd_7seg        ; work         ;
;    |bcd_7seg:MINUTOS_MSD|      ; 7 (7)               ; 0 (0)                     ; 0                 ; 0          ; 0    ; 0            ; |relogio_digital|bcd_7seg:MINUTOS_MSD      ; bcd_7seg        ; work         ;
;    |bcd_7seg:SEGUNDOS_LSD|     ; 7 (7)               ; 0 (0)                     ; 0                 ; 0          ; 0    ; 0            ; |relogio_digital|bcd_7seg:SEGUNDOS_LSD     ; bcd_7seg        ; work         ;
;    |bcd_7seg:SEGUNDOS_MSD|     ; 7 (7)               ; 0 (0)                     ; 0                 ; 0          ; 0    ; 0            ; |relogio_digital|bcd_7seg:SEGUNDOS_MSD     ; bcd_7seg        ; work         ;
;    |enable_1hz:meuhabilitador| ; 1 (1)               ; 1 (1)                     ; 0                 ; 0          ; 0    ; 0            ; |relogio_digital|enable_1hz:meuhabilitador ; enable_1hz      ; work         ;
;    |maq_h:HORAS|               ; 8 (8)               ; 6 (6)                     ; 0                 ; 0          ; 0    ; 0            ; |relogio_digital|maq_h:HORAS               ; maq_h           ; work         ;
;    |maq_m:MINUTOS|             ; 11 (11)             ; 8 (8)                     ; 0                 ; 0          ; 0    ; 0            ; |relogio_digital|maq_m:MINUTOS             ; maq_m           ; work         ;
;    |maq_s:SEGUNDOS|            ; 11 (11)             ; 8 (8)                     ; 0                 ; 0          ; 0    ; 0            ; |relogio_digital|maq_s:SEGUNDOS            ; maq_s           ; work         ;
+--------------------------------+---------------------+---------------------------+-------------------+------------+------+--------------+--------------------------------------------+-----------------+--------------+
Note: For table entries with two numbers listed, the numbers in parentheses indicate the number of resources of the given type used by the specific entity alone. The numbers listed outside of parentheses indicate the total resources of the given type used by the specific entity and all of its sub-entities in the hierarchy.


+--------------------------------------------------------------------------------+
; Registers Removed During Synthesis                                             ;
+---------------------------------------+----------------------------------------+
; Register name                         ; Reason for Removal                     ;
+---------------------------------------+----------------------------------------+
; enable_1hz:meuhabilitador|contador[1] ; Stuck at GND due to stuck port data_in ;
; Total Number of Removed Registers = 1 ;                                        ;
+---------------------------------------+----------------------------------------+


+------------------------------------------------------+
; General Register Statistics                          ;
+----------------------------------------------+-------+
; Statistic                                    ; Value ;
+----------------------------------------------+-------+
; Total registers                              ; 23    ;
; Number of registers using Synchronous Clear  ; 5     ;
; Number of registers using Synchronous Load   ; 0     ;
; Number of registers using Asynchronous Clear ; 0     ;
; Number of registers using Asynchronous Load  ; 0     ;
; Number of registers using Clock Enable       ; 19    ;
; Number of registers using Preset             ; 0     ;
+----------------------------------------------+-------+


+----------------------------------------------------------------------------------------------------------------------------------------------------------------------+
; Multiplexer Restructuring Statistics (Restructuring Performed)                                                                                                       ;
+--------------------+-----------+---------------+----------------------+------------------------+------------+--------------------------------------------------------+
; Multiplexer Inputs ; Bus Width ; Baseline Area ; Area if Restructured ; Saving if Restructured ; Registered ; Example Multiplexer Output                             ;
+--------------------+-----------+---------------+----------------------+------------------------+------------+--------------------------------------------------------+
; 3:1                ; 2 bits    ; 4 LEs         ; 4 LEs                ; 0 LEs                  ; Yes        ; |relogio_digital|enable_1hz:meuhabilitador|contador[0] ;
; 4:1                ; 4 bits    ; 8 LEs         ; 8 LEs                ; 0 LEs                  ; Yes        ; |relogio_digital|maq_s:SEGUNDOS|maq_s_bcd_s_lsd[3]     ;
; 4:1                ; 3 bits    ; 6 LEs         ; 6 LEs                ; 0 LEs                  ; Yes        ; |relogio_digital|maq_s:SEGUNDOS|maq_s_bcd_s_msd[2]     ;
; 4:1                ; 2 bits    ; 4 LEs         ; 4 LEs                ; 0 LEs                  ; Yes        ; |relogio_digital|maq_m:MINUTOS|maq_m_bcd_m_lsd[2]      ;
; 4:1                ; 2 bits    ; 4 LEs         ; 4 LEs                ; 0 LEs                  ; Yes        ; |relogio_digital|maq_m:MINUTOS|maq_m_bcd_m_lsd[3]      ;
; 4:1                ; 2 bits    ; 4 LEs         ; 4 LEs                ; 0 LEs                  ; Yes        ; |relogio_digital|maq_m:MINUTOS|maq_m_bcd_m_msd[2]      ;
; 4:1                ; 2 bits    ; 4 LEs         ; 4 LEs                ; 0 LEs                  ; Yes        ; |relogio_digital|maq_h:HORAS|maq_h_bcd_h_msd[1]        ;
; 4:1                ; 4 bits    ; 8 LEs         ; 8 LEs                ; 0 LEs                  ; Yes        ; |relogio_digital|maq_h:HORAS|maq_h_bcd_h_lsd[0]        ;
+--------------------+-----------+---------------+----------------------+------------------------+------------+--------------------------------------------------------+


+------------------------------------------------------------------------------------------------------------------------------------------------------------------------------------+
; Port Connectivity Checks: "bcd_7seg:HORAS_MSD"                                                                                                                                     ;
+------------+-------+----------+----------------------------------------------------------------------------------------------------------------------------------------------------+
; Port       ; Type  ; Severity ; Details                                                                                                                                            ;
+------------+-------+----------+----------------------------------------------------------------------------------------------------------------------------------------------------+
; bcd_bcd_in ; Input ; Warning  ; Input port expression (2 bits) is smaller than the input port (4 bits) it drives.  Extra input bit(s) "bcd_bcd_in[3..2]" will be connected to GND. ;
+------------+-------+----------+----------------------------------------------------------------------------------------------------------------------------------------------------+


+------------------------------------------------------------------------------------------------------------------------------------------------------------------------------------+
; Port Connectivity Checks: "bcd_7seg:MINUTOS_MSD"                                                                                                                                   ;
+------------+-------+----------+----------------------------------------------------------------------------------------------------------------------------------------------------+
; Port       ; Type  ; Severity ; Details                                                                                                                                            ;
+------------+-------+----------+----------------------------------------------------------------------------------------------------------------------------------------------------+
; bcd_bcd_in ; Input ; Warning  ; Input port expression (3 bits) is smaller than the input port (4 bits) it drives.  Extra input bit(s) "bcd_bcd_in[3..3]" will be connected to GND. ;
+------------+-------+----------+----------------------------------------------------------------------------------------------------------------------------------------------------+


+------------------------------------------------------------------------------------------------------------------------------------------------------------------------------------+
; Port Connectivity Checks: "bcd_7seg:SEGUNDOS_MSD"                                                                                                                                  ;
+------------+-------+----------+----------------------------------------------------------------------------------------------------------------------------------------------------+
; Port       ; Type  ; Severity ; Details                                                                                                                                            ;
+------------+-------+----------+----------------------------------------------------------------------------------------------------------------------------------------------------+
; bcd_bcd_in ; Input ; Warning  ; Input port expression (3 bits) is smaller than the input port (4 bits) it drives.  Extra input bit(s) "bcd_bcd_in[3..3]" will be connected to GND. ;
+------------+-------+----------+----------------------------------------------------------------------------------------------------------------------------------------------------+


+-----------------------------------------------------+
; Post-Synthesis Netlist Statistics for Top Partition ;
+-----------------------+-----------------------------+
; Type                  ; Count                       ;
+-----------------------+-----------------------------+
; arriav_ff             ; 23                          ;
;     ENA               ; 16                          ;
;     ENA SCLR          ; 3                           ;
;     SCLR              ; 2                           ;
;     plain             ; 2                           ;
; arriav_lcell_comb     ; 106                         ;
;     normal            ; 106                         ;
;         0 data inputs ; 1                           ;
;         1 data inputs ; 37                          ;
;         2 data inputs ; 9                           ;
;         3 data inputs ; 17                          ;
;         4 data inputs ; 30                          ;
;         5 data inputs ; 7                           ;
;         6 data inputs ; 5                           ;
; boundary_port         ; 64                          ;
;                       ;                             ;
; Max LUT depth         ; 2.00                        ;
; Average LUT depth     ; 1.79                        ;
+-----------------------+-----------------------------+


+-------------------------------+
; Elapsed Time Per Partition    ;
+----------------+--------------+
; Partition Name ; Elapsed Time ;
+----------------+--------------+
; Top            ; 00:00:00     ;
+----------------+--------------+


+-------------------------------+
; Analysis & Synthesis Messages ;
+-------------------------------+
Info: *******************************************************************
Info: Running Quartus Prime Analysis & Synthesis
    Info: Version 20.1.1 Build 720 11/11/2020 SJ Lite Edition
    Info: Processing started: Wed Apr  6 17:15:07 2022
Info: Command: quartus_map --read_settings_files=on --write_settings_files=off relogio_digital -c relogio_digital
Warning (18236): Number of processors has not been specified which may cause overloading on shared machines.  Set the global assignment NUM_PARALLEL_PROCESSORS in your QSF to an appropriate value for best performance.
Info (20030): Parallel compilation is enabled and will use 4 of the 4 processors detected
Info (12021): Found 1 design units, including 1 entities, in source file relogio_digital.sv
    Info (12023): Found entity 1: relogio_digital File: /home/henrique/Projetos_quartus/relogio_digital/relogio_digital.sv Line: 1
Info (12021): Found 1 design units, including 1 entities, in source file enable_1hz.sv
    Info (12023): Found entity 1: enable_1hz File: /home/henrique/Projetos_quartus/relogio_digital/enable_1hz.sv Line: 1
Info (12021): Found 1 design units, including 1 entities, in source file bcd_7seg.sv
    Info (12023): Found entity 1: bcd_7seg File: /home/henrique/Projetos_quartus/relogio_digital/bcd_7seg.sv Line: 1
Info (12021): Found 1 design units, including 1 entities, in source file maq_s.sv
    Info (12023): Found entity 1: maq_s File: /home/henrique/Projetos_quartus/relogio_digital/maq_s.sv Line: 1
Info (12021): Found 1 design units, including 1 entities, in source file maq_m.sv
    Info (12023): Found entity 1: maq_m File: /home/henrique/Projetos_quartus/relogio_digital/maq_m.sv Line: 1
Info (12021): Found 1 design units, including 1 entities, in source file maq_h.sv
    Info (12023): Found entity 1: maq_h File: /home/henrique/Projetos_quartus/relogio_digital/maq_h.sv Line: 1
Info (12127): Elaborating entity "relogio_digital" for the top level hierarchy
Info (12128): Elaborating entity "enable_1hz" for hierarchy "enable_1hz:meuhabilitador" File: /home/henrique/Projetos_quartus/relogio_digital/relogio_digital.sv Line: 31
Info (12128): Elaborating entity "maq_s" for hierarchy "maq_s:SEGUNDOS" File: /home/henrique/Projetos_quartus/relogio_digital/relogio_digital.sv Line: 32
Info (12128): Elaborating entity "maq_m" for hierarchy "maq_m:MINUTOS" File: /home/henrique/Projetos_quartus/relogio_digital/relogio_digital.sv Line: 33
Info (12128): Elaborating entity "maq_h" for hierarchy "maq_h:HORAS" File: /home/henrique/Projetos_quartus/relogio_digital/relogio_digital.sv Line: 34
Info (12128): Elaborating entity "bcd_7seg" for hierarchy "bcd_7seg:SEGUNDOS_LSD" File: /home/henrique/Projetos_quartus/relogio_digital/relogio_digital.sv Line: 36
Warning (12241): 3 hierarchies have connectivity warnings - see the Connectivity Checks report folder
Warning (13024): Output pins are stuck at VCC or GND
    Warning (13410): Pin "h_msd[5]" is stuck at VCC File: /home/henrique/Projetos_quartus/relogio_digital/relogio_digital.sv Line: 8
Info (286030): Timing-Driven Synthesis is running
Info (16010): Generating hard_block partition "hard_block:auto_generated_inst"
    Info (16011): Adding 0 node(s), including 0 DDIO, 0 PLL, 0 transceiver and 0 LCELL
Info (21057): Implemented 133 device resources after synthesis - the final resource count might be different
    Info (21058): Implemented 2 input pins
    Info (21059): Implemented 62 output pins
    Info (21061): Implemented 69 logic cells
Info: Quartus Prime Analysis & Synthesis was successful. 0 errors, 4 warnings
    Info: Peak virtual memory: 472 megabytes
    Info: Processing ended: Wed Apr  6 17:15:17 2022
    Info: Elapsed time: 00:00:10
    Info: Total CPU time (on all processors): 00:00:21


